  Parking2.cpp
c:\users\xamo1\documents\ssooii\sistemas-operativos-parking-windows-\parking2\parking2\parking2.h(15): warning C4477: 'fprintf' : format string '%s' requires an argument of type 'char *', but variadic argument 3 has type 'LPVOID'
c:\users\xamo1\documents\ssooii\sistemas-operativos-parking-windows-\parking2\parking2\parking2.cpp(69): warning C4229: anachronism used: modifiers on data are ignored
c:\users\xamo1\documents\ssooii\sistemas-operativos-parking-windows-\parking2\parking2\parking2.cpp(70): warning C4091: 'typedef ': ignored on left of 'Data' when no variable is declared
c:\users\xamo1\documents\ssooii\sistemas-operativos-parking-windows-\parking2\parking2\parking2.cpp(76): warning C4101: 'i': unreferenced local variable
c:\users\xamo1\documents\ssooii\sistemas-operativos-parking-windows-\parking2\parking2\parking2.cpp(162): warning C4101: 'dataMem': unreferenced local variable
c:\users\xamo1\documents\ssooii\sistemas-operativos-parking-windows-\parking2\parking2\parking2.cpp(222): warning C4101: 'dataMem': unreferenced local variable
c:\users\xamo1\documents\ssooii\sistemas-operativos-parking-windows-\parking2\parking2\parking2.cpp(349): warning C4101: 'dataMem': unreferenced local variable
c:\users\xamo1\documents\ssooii\sistemas-operativos-parking-windows-\parking2\parking2\parking2.cpp(350): warning C4101: 'valor': unreferenced local variable
c:\users\xamo1\documents\ssooii\sistemas-operativos-parking-windows-\parking2\parking2\parking2.cpp(518): warning C4101: 'i': unreferenced local variable
c:\users\xamo1\documents\ssooii\sistemas-operativos-parking-windows-\parking2\parking2\parking2.cpp(572): warning C4101: 'i': unreferenced local variable
c:\users\xamo1\documents\ssooii\sistemas-operativos-parking-windows-\parking2\parking2\parking2.cpp(666): warning C4101: 'i': unreferenced local variable
c:\users\xamo1\documents\ssooii\sistemas-operativos-parking-windows-\parking2\parking2\parking2.cpp(675): warning C4229: anachronism used: modifiers on data are ignored
c:\users\xamo1\documents\ssooii\sistemas-operativos-parking-windows-\parking2\parking2\parking2.cpp(674): warning C4101: 'i': unreferenced local variable
c:\users\xamo1\documents\ssooii\sistemas-operativos-parking-windows-\parking2\parking2\parking2.cpp(687): warning C4101: 'i': unreferenced local variable
c:\users\xamo1\documents\ssooii\sistemas-operativos-parking-windows-\parking2\parking2\parking2.cpp(701): warning C4229: anachronism used: modifiers on data are ignored
c:\users\xamo1\documents\ssooii\sistemas-operativos-parking-windows-\parking2\parking2\parking2.cpp(700): warning C4101: 'i': unreferenced local variable
c:\users\xamo1\documents\ssooii\sistemas-operativos-parking-windows-\parking2\parking2\parking2.cpp(714): warning C4229: anachronism used: modifiers on data are ignored
c:\users\xamo1\documents\ssooii\sistemas-operativos-parking-windows-\parking2\parking2\parking2.cpp(713): warning C4101: 'i': unreferenced local variable
Parking2.obj : warning LNK4075: ignoring '/EDITANDCONTINUE' due to '/INCREMENTAL:NO' specification
  Parking2.vcxproj -> C:\Users\xamo1\Documents\SSOOII\Sistemas-Operativos-PARKING-WINDOWS-\Parking2\Debug\Parking2.exe
